Determining if the pthread_create exist failed with the following output:
Change Dir: /home/projn7cellule/CelluleFlexible/catkin_ws/build/CMakeFiles/CMakeTmp

Run Build Command:/usr/bin/make "cmTryCompileExec3654014750/fast"
/usr/bin/make -f CMakeFiles/cmTryCompileExec3654014750.dir/build.make CMakeFiles/cmTryCompileExec3654014750.dir/build
make[1]: Entering directory `/home/projn7cellule/CelluleFlexible/catkin_ws/build/CMakeFiles/CMakeTmp'
/usr/bin/cmake -E cmake_progress_report /home/projn7cellule/CelluleFlexible/catkin_ws/build/CMakeFiles/CMakeTmp/CMakeFiles 1
Building C object CMakeFiles/cmTryCompileExec3654014750.dir/CheckSymbolExists.c.o
/usr/bin/cc    -o CMakeFiles/cmTryCompileExec3654014750.dir/CheckSymbolExists.c.o   -c /home/projn7cellule/CelluleFlexible/catkin_ws/build/CMakeFiles/CMakeTmp/CheckSymbolExists.c
Linking C executable cmTryCompileExec3654014750
/usr/bin/cmake -E cmake_link_script CMakeFiles/cmTryCompileExec3654014750.dir/link.txt --verbose=1
/usr/bin/cc       CMakeFiles/cmTryCompileExec3654014750.dir/CheckSymbolExists.c.o  -o cmTryCompileExec3654014750 -rdynamic 
CMakeFiles/cmTryCompileExec3654014750.dir/CheckSymbolExists.c.o: In function `main':
CheckSymbolExists.c:(.text+0x16): undefined reference to `pthread_create'
collect2: error: ld returned 1 exit status
make[1]: *** [cmTryCompileExec3654014750] Error 1
make[1]: Leaving directory `/home/projn7cellule/CelluleFlexible/catkin_ws/build/CMakeFiles/CMakeTmp'
make: *** [cmTryCompileExec3654014750/fast] Error 2

File /home/projn7cellule/CelluleFlexible/catkin_ws/build/CMakeFiles/CMakeTmp/CheckSymbolExists.c:
/* */
#include <pthread.h>

int main(int argc, char** argv)
{
  (void)argv;
#ifndef pthread_create
  return ((int*)(&pthread_create))[argc];
#else
  (void)argc;
  return 0;
#endif
}

Determining if the function pthread_create exists in the pthreads failed with the following output:
Change Dir: /home/projn7cellule/CelluleFlexible/catkin_ws/build/CMakeFiles/CMakeTmp

Run Build Command:/usr/bin/make "cmTryCompileExec3166442082/fast"
/usr/bin/make -f CMakeFiles/cmTryCompileExec3166442082.dir/build.make CMakeFiles/cmTryCompileExec3166442082.dir/build
make[1]: Entering directory `/home/projn7cellule/CelluleFlexible/catkin_ws/build/CMakeFiles/CMakeTmp'
/usr/bin/cmake -E cmake_progress_report /home/projn7cellule/CelluleFlexible/catkin_ws/build/CMakeFiles/CMakeTmp/CMakeFiles 1
Building C object CMakeFiles/cmTryCompileExec3166442082.dir/CheckFunctionExists.c.o
/usr/bin/cc   -DCHECK_FUNCTION_EXISTS=pthread_create   -o CMakeFiles/cmTryCompileExec3166442082.dir/CheckFunctionExists.c.o   -c /usr/share/cmake-2.8/Modules/CheckFunctionExists.c
Linking C executable cmTryCompileExec3166442082
/usr/bin/cmake -E cmake_link_script CMakeFiles/cmTryCompileExec3166442082.dir/link.txt --verbose=1
/usr/bin/cc   -DCHECK_FUNCTION_EXISTS=pthread_create    CMakeFiles/cmTryCompileExec3166442082.dir/CheckFunctionExists.c.o  -o cmTryCompileExec3166442082 -rdynamic -lpthreads 
/usr/bin/ld: cannot find -lpthreads
collect2: error: ld returned 1 exit status
make[1]: Leaving directory `/home/projn7cellule/CelluleFlexible/catkin_ws/build/CMakeFiles/CMakeTmp'
make[1]: *** [cmTryCompileExec3166442082] Error 1
make: *** [cmTryCompileExec3166442082/fast] Error 2


Determining if the pthread_create exist failed with the following output:
Change Dir: /home/florent/Documents/TER/version_ahmed/catkin_ws/build/CMakeFiles/CMakeTmp

Run Build Command:"/usr/bin/make" "cmTC_2df84/fast"
make[1] : on entre dans le répertoire « /home/florent/Documents/TER/version_ahmed/catkin_ws/build/CMakeFiles/CMakeTmp »
/usr/bin/make -f CMakeFiles/cmTC_2df84.dir/build.make CMakeFiles/cmTC_2df84.dir/build
make[2] : on entre dans le répertoire « /home/florent/Documents/TER/version_ahmed/catkin_ws/build/CMakeFiles/CMakeTmp »
Building C object CMakeFiles/cmTC_2df84.dir/CheckSymbolExists.c.o
/usr/bin/cc     -o CMakeFiles/cmTC_2df84.dir/CheckSymbolExists.c.o   -c /home/florent/Documents/TER/version_ahmed/catkin_ws/build/CMakeFiles/CMakeTmp/CheckSymbolExists.c
Linking C executable cmTC_2df84
/usr/bin/cmake -E cmake_link_script CMakeFiles/cmTC_2df84.dir/link.txt --verbose=1
/usr/bin/cc       CMakeFiles/cmTC_2df84.dir/CheckSymbolExists.c.o  -o cmTC_2df84 -rdynamic 
CMakeFiles/cmTC_2df84.dir/CheckSymbolExists.c.o : Dans la fonction « main » :
CheckSymbolExists.c:(.text+0x16) : référence indéfinie vers « pthread_create »
collect2: error: ld returned 1 exit status
CMakeFiles/cmTC_2df84.dir/build.make:97 : la recette pour la cible « cmTC_2df84 » a échouée
make[2]: *** [cmTC_2df84] Erreur 1
make[2] : on quitte le répertoire « /home/florent/Documents/TER/version_ahmed/catkin_ws/build/CMakeFiles/CMakeTmp »
Makefile:126 : la recette pour la cible « cmTC_2df84/fast » a échouée
make[1]: *** [cmTC_2df84/fast] Erreur 2
make[1] : on quitte le répertoire « /home/florent/Documents/TER/version_ahmed/catkin_ws/build/CMakeFiles/CMakeTmp »

File /home/florent/Documents/TER/version_ahmed/catkin_ws/build/CMakeFiles/CMakeTmp/CheckSymbolExists.c:
/* */
#include <pthread.h>

int main(int argc, char** argv)
{
  (void)argv;
#ifndef pthread_create
  return ((int*)(&pthread_create))[argc];
#else
  (void)argc;
  return 0;
#endif
}

Determining if the function pthread_create exists in the pthreads failed with the following output:
Change Dir: /home/florent/Documents/TER/version_ahmed/catkin_ws/build/CMakeFiles/CMakeTmp

Run Build Command:"/usr/bin/make" "cmTC_13625/fast"
make[1] : on entre dans le répertoire « /home/florent/Documents/TER/version_ahmed/catkin_ws/build/CMakeFiles/CMakeTmp »
/usr/bin/make -f CMakeFiles/cmTC_13625.dir/build.make CMakeFiles/cmTC_13625.dir/build
make[2] : on entre dans le répertoire « /home/florent/Documents/TER/version_ahmed/catkin_ws/build/CMakeFiles/CMakeTmp »
Building C object CMakeFiles/cmTC_13625.dir/CheckFunctionExists.c.o
/usr/bin/cc    -DCHECK_FUNCTION_EXISTS=pthread_create   -o CMakeFiles/cmTC_13625.dir/CheckFunctionExists.c.o   -c /usr/share/cmake-3.5/Modules/CheckFunctionExists.c
Linking C executable cmTC_13625
/usr/bin/cmake -E cmake_link_script CMakeFiles/cmTC_13625.dir/link.txt --verbose=1
/usr/bin/cc   -DCHECK_FUNCTION_EXISTS=pthread_create    CMakeFiles/cmTC_13625.dir/CheckFunctionExists.c.o  -o cmTC_13625 -rdynamic -lpthreads 
/usr/bin/ld : ne peut trouver -lpthreads
collect2: error: ld returned 1 exit status
CMakeFiles/cmTC_13625.dir/build.make:97 : la recette pour la cible « cmTC_13625 » a échouée
make[2]: *** [cmTC_13625] Erreur 1
make[2] : on quitte le répertoire « /home/florent/Documents/TER/version_ahmed/catkin_ws/build/CMakeFiles/CMakeTmp »
Makefile:126 : la recette pour la cible « cmTC_13625/fast » a échouée
make[1]: *** [cmTC_13625/fast] Erreur 2
make[1] : on quitte le répertoire « /home/florent/Documents/TER/version_ahmed/catkin_ws/build/CMakeFiles/CMakeTmp »


